#-----------------------------------------------------------
# PlanAhead v14.2 (64-bit)
# Build 194362 by xbuild on Fri Jul 20 18:52:11 MDT 2012
# Start of session at: Mon Dec 14 19:11:02 2015
# Process ID: 53224
# Log file: X:/EC311 Project/Given/EC311_GritarHero/planAhead_run_2/planAhead.log
# Journal file: X:/EC311 Project/Given/EC311_GritarHero/planAhead_run_2/planAhead.jou
#-----------------------------------------------------------
INFO: [Common 17-78] Attempting to get a license: PlanAhead
INFO: [Common 17-290] Got license for PlanAhead
INFO: [Device 21-36] Loading parts and site information from C:/Xilinx/14.2/ISE_DS/PlanAhead/data/parts/arch.xml
Parsing RTL primitives file [C:/Xilinx/14.2/ISE_DS/PlanAhead/data/parts/xilinx/rtl/prims/rtl_prims.xml]
Finished parsing RTL primitives file [C:/Xilinx/14.2/ISE_DS/PlanAhead/data/parts/xilinx/rtl/prims/rtl_prims.xml]
start_gui
source {X:/EC311 Project/Given/EC311_GritarHero/pa.fromHdl.tcl}
# create_project -name EC311_GritarHero -dir "X:/EC311 Project/Given/EC311_GritarHero/planAhead_run_2" -part xc6slx16csg324-3
Parsing template File [C:/Xilinx/14.2/ISE_DS/ISE/data/projnav/templates/verilog.xml].
Finished parsing template File [C:/Xilinx/14.2/ISE_DS/ISE/data/projnav/templates/verilog.xml].
Parsing template File [C:/Xilinx/14.2/ISE_DS/ISE/data/projnav/templates/vhdl.xml].
Finished parsing template File [C:/Xilinx/14.2/ISE_DS/ISE/data/projnav/templates/vhdl.xml].
Parsing template File [C:/Xilinx/14.2/ISE_DS/ISE/data/projnav/templates/ucf.xml].
Finished parsing template File [C:/Xilinx/14.2/ISE_DS/ISE/data/projnav/templates/ucf.xml].
# set_param project.pinAheadLayout yes
# set srcset [get_property srcset [current_run -impl]]
# set_property target_constrs_file "vga_display.ucf" [current_fileset -constrset]
Adding file 'X:/EC311 Project/Given/EC311_GritarHero/vga_display.ucf' to fileset 'constrs_1'
# set hdlfile [add_files [list {vga_controller_640_60.v}]]
# set_property file_type Verilog $hdlfile
# set_property library work $hdlfile
# set hdlfile [add_files [list {vga_display.v}]]
# set_property file_type Verilog $hdlfile
# set_property library work $hdlfile
# set_property top vga_display $srcset
# add_files [list {vga_display.ucf}] -fileset [get_property constrset [current_run]]
# open_rtl_design -part xc6slx16csg324-3
Using Verific elaboration
Parsing VHDL file "C:/Xilinx/14.2/ISE_DS/PlanAhead/data/parts/xilinx/rtl/lib/synplify/synattr.vhd" into library synplify
Analyzing Verilog file "X:/EC311 Project/Given/EC311_GritarHero/vga_controller_640_60.v" into library work
Analyzing Verilog file "X:/EC311 Project/Given/EC311_GritarHero/vga_display.v" into library work
Loading clock regions from C:/Xilinx/14.2/ISE_DS/PlanAhead/data\parts/xilinx/spartan6/spartan6lx/xc6slx16/ClockRegion.xml
Loading clock buffers from C:/Xilinx/14.2/ISE_DS/PlanAhead/data\parts/xilinx/spartan6/spartan6lx/xc6slx16/ClockBuffers.xml
Loading package pin functions from C:/Xilinx/14.2/ISE_DS/PlanAhead/data\parts/xilinx/spartan6/PinFunctions.xml...
Loading package from C:/Xilinx/14.2/ISE_DS/PlanAhead/data\parts/xilinx/spartan6/spartan6lx/xc6slx16/csg324/Package.xml
Loading io standards from C:/Xilinx/14.2/ISE_DS/PlanAhead/data\./parts/xilinx/spartan6/IOStandards.xml
Loading device configuration modes from C:/Xilinx/14.2/ISE_DS/PlanAhead/data\parts/xilinx/spartan6/ConfigModes.xml
Loading list of drcs for the architecture : C:/Xilinx/14.2/ISE_DS/PlanAhead/data\./parts/xilinx/spartan6/drc.xml
Parsing UCF File [X:/EC311 Project/Given/EC311_GritarHero/vga_display.ucf]
Finished Parsing UCF File [X:/EC311 Project/Given/EC311_GritarHero/vga_display.ucf]
INFO: [Project 1-111] Unisim Transformation Summary:
No Unisim elements were transformed.

Phase 0 | Netlist Checksum: 7ae7e003
open_rtl_design: Time (s): elapsed = 00:00:06 . Memory (MB): peak = 572.578 ; gain = 154.438
startgroup
set_property package_pin C4 [get_ports trigger]
endgroup
set_property is_loc_fixed false [get_ports [list  trigger]]
set_property is_loc_fixed true [get_ports [list  trigger]]
save_design
