ISim log file
Running: X:\EC311 Project\Given\EC311_GritarHero\lfsr_isim_beh.exe -intstyle ise -gui -tclbatch isim.cmd -wdb X:/EC311 Project/Given/EC311_GritarHero/lfsr_isim_beh.wdb 
ISim P.28xd (signature 0xa0883be4)
This is a Full version of ISim.
Time resolution is 1 ps
# onerror resume
# wave add /
# run 1000 ns
Simulator is doing circuit initialization process.
Finished circuit initialization process.
# isim force add /lfsr/clk 1 -radix bin
# isim force add /lfsr/clk 1 -radix bin
# run all
# run all
# isim force add /lfsr/clk 0 -radix bin -value 1 -radix bin -time 5 ps -repeat 10 ps -cancel 30 ps
# isim force add /lfsr/clk 0 -radix bin -value 1 -radix bin -time 5 ps -repeat 10 ps -cancel 30 ps
# run all
# isim force add /lfsr/clk 0 -radix bin -value 1 -radix bin -time 2500 fs -repeat 5 ps -cancel 500 ps
# isim force add /lfsr/clk 0 -radix bin -value 1 -radix bin -time 2500 fs -repeat 5 ps -cancel 500 ps
# run all
